2021-07-01 15:05:24,327 INFO org.springframework.boot.StartupInfoLogger [main] []: Starting MainApplication using Java 1.8.0_221 on Admin with PID 17648 (D:\myDocuments\IdeaProjects\Spring_Framework\target\classes started by Admin in D:\myDocuments\IdeaProjects\Spring_Framework)
2021-07-01 15:05:24,360 INFO org.springframework.boot.SpringApplication [main] []: No active profile set, falling back to default profiles: default
2021-07-01 15:05:30,294 INFO org.springframework.data.repository.config.RepositoryConfigurationDelegate [main] []: Bootstrapping Spring Data JPA repositories in DEFAULT mode.
2021-07-01 15:05:30,592 INFO org.springframework.data.repository.config.RepositoryConfigurationDelegate [main] []: Finished Spring Data repository scanning in 261 ms. Found 5 JPA repository interfaces.
2021-07-01 15:05:38,307 INFO org.springframework.boot.web.embedded.tomcat.TomcatWebServer [main] []: Tomcat initialized with port(s): 8090 (http)
2021-07-01 15:05:38,342 INFO org.apache.juli.logging.DirectJDKLog [main] []: Initializing ProtocolHandler ["http-nio-8090"]
2021-07-01 15:05:38,344 INFO org.apache.juli.logging.DirectJDKLog [main] []: Starting service [Tomcat]
2021-07-01 15:05:38,345 INFO org.apache.juli.logging.DirectJDKLog [main] []: Starting Servlet engine: [Apache Tomcat/9.0.41]
2021-07-01 15:05:38,950 INFO org.apache.juli.logging.DirectJDKLog [main] []: Initializing Spring embedded WebApplicationContext
2021-07-01 15:05:38,951 INFO org.springframework.boot.web.servlet.context.ServletWebServerApplicationContext [main] []: Root WebApplicationContext: initialization completed in 13932 ms
2021-07-01 15:05:39,956 INFO com.zaxxer.hikari.HikariDataSource [main] []: HikariPool-1 - Starting...
2021-07-01 15:05:39,982 WARN com.zaxxer.hikari.util.DriverDataSource [main] []: Registered driver with driverClassName=com.mysql.jdbc.Driver was not found, trying direct instantiation.
2021-07-01 15:05:43,267 INFO com.zaxxer.hikari.HikariDataSource [main] []: HikariPool-1 - Start completed.
2021-07-01 15:05:43,500 INFO org.hibernate.jpa.internal.util.LogHelper [main] []: HHH000204: Processing PersistenceUnitInfo [name: default]
2021-07-01 15:05:43,832 INFO org.hibernate.Version [main] []: HHH000412: Hibernate ORM core version 5.4.25.Final
2021-07-01 15:05:45,012 INFO org.hibernate.annotations.common.reflection.java.JavaReflectionManager [main] []: HCANN000001: Hibernate Commons Annotations {5.1.2.Final}
2021-07-01 15:05:45,783 INFO org.hibernate.dialect.Dialect [main] []: HHH000400: Using dialect: org.hibernate.dialect.MySQL5Dialect
2021-07-01 15:05:48,496 INFO org.hibernate.engine.transaction.jta.platform.internal.JtaPlatformInitiator [main] []: HHH000490: Using JtaPlatform implementation: [org.hibernate.engine.transaction.jta.platform.internal.NoJtaPlatform]
2021-07-01 15:05:48,553 INFO org.springframework.orm.jpa.AbstractEntityManagerFactoryBean [main] []: Initialized JPA EntityManagerFactory for persistence unit 'default'
2021-07-01 15:05:48,797 WARN org.springframework.boot.autoconfigure.orm.jpa.JpaBaseConfiguration$JpaWebConfiguration [main] []: spring.jpa.open-in-view is enabled by default. Therefore, database queries may be performed during view rendering. Explicitly configure spring.jpa.open-in-view to disable this warning
2021-07-01 15:05:54,248 INFO springfox.documentation.spring.web.PropertySourcedRequestMappingHandlerMapping [main] []: Mapped URL path [/v2/api-docs] onto method [springfox.documentation.swagger2.web.Swagger2Controller#getDocumentation(String, HttpServletRequest)]
2021-07-01 15:05:55,054 INFO org.springframework.security.web.DefaultSecurityFilterChain [main] []: Will secure any request with [org.springframework.security.web.context.request.async.WebAsyncManagerIntegrationFilter@30dd23e2, org.springframework.security.web.context.SecurityContextPersistenceFilter@33cec966, org.springframework.security.web.header.HeaderWriterFilter@23307c6c, org.springframework.security.web.authentication.logout.LogoutFilter@2db75e32, org.springframework.security.web.authentication.UsernamePasswordAuthenticationFilter@d15f031, org.springframework.security.web.savedrequest.RequestCacheAwareFilter@65b07b9, org.springframework.security.web.servletapi.SecurityContextHolderAwareRequestFilter@20dc763b, org.springframework.security.web.authentication.AnonymousAuthenticationFilter@88fc9cb, org.springframework.security.web.session.SessionManagementFilter@7202009e, org.springframework.security.web.access.ExceptionTranslationFilter@54da736e, org.springframework.security.web.access.intercept.FilterSecurityInterceptor@43d2c8e3]
2021-07-01 15:05:55,546 INFO org.springframework.scheduling.concurrent.ExecutorConfigurationSupport [main] []: Initializing ExecutorService 'applicationTaskExecutor'
2021-07-01 15:05:56,697 INFO org.apache.juli.logging.DirectJDKLog [main] []: Starting ProtocolHandler ["http-nio-8090"]
2021-07-01 15:05:56,789 INFO org.springframework.boot.web.embedded.tomcat.TomcatWebServer [main] []: Tomcat started on port(s): 8090 (http) with context path ''
2021-07-01 15:05:56,792 INFO springfox.documentation.spring.web.plugins.DocumentationPluginsBootstrapper [main] []: Context refreshed
2021-07-01 15:05:56,937 INFO springfox.documentation.spring.web.plugins.DocumentationPluginsBootstrapper [main] []: Found 1 custom documentation plugin(s)
2021-07-01 15:05:57,215 INFO springfox.documentation.spring.web.scanners.ApiListingReferenceScanner [main] []: Scanning for api listing references
2021-07-01 15:05:58,918 INFO org.springframework.boot.StartupInfoLogger [main] []: Started MainApplication in 36.664 seconds (JVM running for 40.548)
2021-07-01 15:06:37,254 INFO org.apache.juli.logging.DirectJDKLog [http-nio-8090-exec-1] []: Initializing Spring DispatcherServlet 'dispatcherServlet'
2021-07-01 15:06:37,257 INFO org.springframework.web.servlet.FrameworkServlet [http-nio-8090-exec-1] []: Initializing Servlet 'dispatcherServlet'
2021-07-01 15:06:37,259 INFO org.springframework.web.servlet.FrameworkServlet [http-nio-8090-exec-1] []: Completed initialization in 2 ms
2021-07-01 15:07:15,402 WARN org.springframework.web.servlet.handler.AbstractHandlerExceptionResolver [http-nio-8090-exec-1] []: Resolved [org.springframework.web.bind.MissingPathVariableException: Missing URI template variable 'name' for method parameter of type String]
2021-07-01 15:07:59,408 WARN org.springframework.web.servlet.handler.AbstractHandlerExceptionResolver [http-nio-8090-exec-4] []: Resolved [org.springframework.web.bind.MissingPathVariableException: Missing URI template variable 'name' for method parameter of type String]
2021-07-01 15:09:03,667 WARN org.springframework.web.servlet.handler.AbstractHandlerExceptionResolver [http-nio-8090-exec-3] []: Resolved [org.springframework.web.bind.MissingPathVariableException: Missing URI template variable 'name' for method parameter of type String]
2021-07-01 15:09:19,631 INFO org.springframework.scheduling.concurrent.ExecutorConfigurationSupport [SpringContextShutdownHook] []: Shutting down ExecutorService 'applicationTaskExecutor'
2021-07-01 15:09:19,642 INFO org.springframework.orm.jpa.AbstractEntityManagerFactoryBean [SpringContextShutdownHook] []: Closing JPA EntityManagerFactory for persistence unit 'default'
2021-07-01 15:09:19,653 INFO com.zaxxer.hikari.HikariDataSource [SpringContextShutdownHook] []: HikariPool-1 - Shutdown initiated...
2021-07-01 15:09:19,688 INFO com.zaxxer.hikari.HikariDataSource [SpringContextShutdownHook] []: HikariPool-1 - Shutdown completed.
2021-07-01 15:13:02,790 INFO org.springframework.boot.StartupInfoLogger [main] []: Starting MainApplication using Java 1.8.0_221 on Admin with PID 5780 (D:\myDocuments\IdeaProjects\Spring_Framework\target\classes started by Admin in D:\myDocuments\IdeaProjects\Spring_Framework)
2021-07-01 15:13:02,942 INFO org.springframework.boot.SpringApplication [main] []: No active profile set, falling back to default profiles: default
2021-07-01 15:13:07,054 INFO org.springframework.data.repository.config.RepositoryConfigurationDelegate [main] []: Bootstrapping Spring Data JPA repositories in DEFAULT mode.
2021-07-01 15:13:07,356 INFO org.springframework.data.repository.config.RepositoryConfigurationDelegate [main] []: Finished Spring Data repository scanning in 270 ms. Found 5 JPA repository interfaces.
2021-07-01 15:13:11,349 INFO org.springframework.boot.web.embedded.tomcat.TomcatWebServer [main] []: Tomcat initialized with port(s): 8090 (http)
2021-07-01 15:13:11,382 INFO org.apache.juli.logging.DirectJDKLog [main] []: Initializing ProtocolHandler ["http-nio-8090"]
2021-07-01 15:13:11,383 INFO org.apache.juli.logging.DirectJDKLog [main] []: Starting service [Tomcat]
2021-07-01 15:13:11,384 INFO org.apache.juli.logging.DirectJDKLog [main] []: Starting Servlet engine: [Apache Tomcat/9.0.41]
2021-07-01 15:13:11,837 INFO org.apache.juli.logging.DirectJDKLog [main] []: Initializing Spring embedded WebApplicationContext
2021-07-01 15:13:11,838 INFO org.springframework.boot.web.servlet.context.ServletWebServerApplicationContext [main] []: Root WebApplicationContext: initialization completed in 8606 ms
2021-07-01 15:13:12,654 INFO com.zaxxer.hikari.HikariDataSource [main] []: HikariPool-1 - Starting...
2021-07-01 15:13:12,675 WARN com.zaxxer.hikari.util.DriverDataSource [main] []: Registered driver with driverClassName=com.mysql.jdbc.Driver was not found, trying direct instantiation.
2021-07-01 15:13:14,775 INFO com.zaxxer.hikari.HikariDataSource [main] []: HikariPool-1 - Start completed.
2021-07-01 15:13:15,045 INFO org.hibernate.jpa.internal.util.LogHelper [main] []: HHH000204: Processing PersistenceUnitInfo [name: default]
2021-07-01 15:13:15,348 INFO org.hibernate.Version [main] []: HHH000412: Hibernate ORM core version 5.4.25.Final
2021-07-01 15:13:16,018 INFO org.hibernate.annotations.common.reflection.java.JavaReflectionManager [main] []: HCANN000001: Hibernate Commons Annotations {5.1.2.Final}
2021-07-01 15:13:16,619 INFO org.hibernate.dialect.Dialect [main] []: HHH000400: Using dialect: org.hibernate.dialect.MySQL5Dialect
2021-07-01 15:13:19,193 INFO org.hibernate.engine.transaction.jta.platform.internal.JtaPlatformInitiator [main] []: HHH000490: Using JtaPlatform implementation: [org.hibernate.engine.transaction.jta.platform.internal.NoJtaPlatform]
2021-07-01 15:13:19,265 INFO org.springframework.orm.jpa.AbstractEntityManagerFactoryBean [main] []: Initialized JPA EntityManagerFactory for persistence unit 'default'
2021-07-01 15:13:19,731 WARN org.springframework.boot.autoconfigure.orm.jpa.JpaBaseConfiguration$JpaWebConfiguration [main] []: spring.jpa.open-in-view is enabled by default. Therefore, database queries may be performed during view rendering. Explicitly configure spring.jpa.open-in-view to disable this warning
2021-07-01 15:13:25,056 INFO springfox.documentation.spring.web.PropertySourcedRequestMappingHandlerMapping [main] []: Mapped URL path [/v2/api-docs] onto method [springfox.documentation.swagger2.web.Swagger2Controller#getDocumentation(String, HttpServletRequest)]
2021-07-01 15:13:26,121 INFO org.springframework.security.web.DefaultSecurityFilterChain [main] []: Will secure any request with [org.springframework.security.web.context.request.async.WebAsyncManagerIntegrationFilter@3328db4f, org.springframework.security.web.context.SecurityContextPersistenceFilter@2c7ac998, org.springframework.security.web.header.HeaderWriterFilter@6e6bd43b, org.springframework.security.web.authentication.logout.LogoutFilter@78a7fccd, org.springframework.security.web.authentication.UsernamePasswordAuthenticationFilter@82382d1, org.springframework.security.web.savedrequest.RequestCacheAwareFilter@56bf6f1e, org.springframework.security.web.servletapi.SecurityContextHolderAwareRequestFilter@4f3b11e6, org.springframework.security.web.authentication.AnonymousAuthenticationFilter@4f9e9c21, org.springframework.security.web.session.SessionManagementFilter@35b38986, org.springframework.security.web.access.ExceptionTranslationFilter@62f3ad90, org.springframework.security.web.access.intercept.FilterSecurityInterceptor@2a738d47]
2021-07-01 15:13:26,499 INFO org.springframework.scheduling.concurrent.ExecutorConfigurationSupport [main] []: Initializing ExecutorService 'applicationTaskExecutor'
2021-07-01 15:13:27,408 INFO org.apache.juli.logging.DirectJDKLog [main] []: Starting ProtocolHandler ["http-nio-8090"]
2021-07-01 15:13:27,499 INFO org.springframework.boot.web.embedded.tomcat.TomcatWebServer [main] []: Tomcat started on port(s): 8090 (http) with context path ''
2021-07-01 15:13:27,501 INFO springfox.documentation.spring.web.plugins.DocumentationPluginsBootstrapper [main] []: Context refreshed
2021-07-01 15:13:27,616 INFO springfox.documentation.spring.web.plugins.DocumentationPluginsBootstrapper [main] []: Found 1 custom documentation plugin(s)
2021-07-01 15:13:27,751 INFO springfox.documentation.spring.web.scanners.ApiListingReferenceScanner [main] []: Scanning for api listing references
2021-07-01 15:13:28,575 INFO org.springframework.boot.StartupInfoLogger [main] []: Started MainApplication in 27.522 seconds (JVM running for 30.731)
2021-07-01 15:13:57,295 INFO org.apache.juli.logging.DirectJDKLog [http-nio-8090-exec-1] []: Initializing Spring DispatcherServlet 'dispatcherServlet'
2021-07-01 15:13:57,296 INFO org.springframework.web.servlet.FrameworkServlet [http-nio-8090-exec-1] []: Initializing Servlet 'dispatcherServlet'
2021-07-01 15:13:57,303 INFO org.springframework.web.servlet.FrameworkServlet [http-nio-8090-exec-1] []: Completed initialization in 7 ms
2021-07-01 15:15:25,836 INFO code.services.UserService [http-nio-8090-exec-4] []: ==================== START RECEIVED LOGIN REQUEST from email [admin@gmail.com]
2021-07-01 15:15:26,789 INFO code.services.UserService [http-nio-8090-exec-4] []: Found user name [admin] with this email
2021-07-01 15:15:27,036 INFO code.services.UserService [http-nio-8090-exec-4] []: Created new token [58284f34-b626-49c6-9b92-51879af38c22] for user name [admin] at [2021-07-01 15:13:19.866]
2021-07-01 15:15:27,342 INFO code.services.UserService [http-nio-8090-exec-4] []: Login success with email [admin@gmail.com] .
2021-07-01 15:15:27,343 INFO code.services.UserService [http-nio-8090-exec-4] []: ==================== END REQUEST LOGIN
2021-07-01 15:16:07,865 INFO code.services.UserService [http-nio-8090-exec-5] []: ==================== START RECEIVED NEW REQUEST GET USER INFO: Id [null]
2021-07-01 15:16:32,291 WARN com.zaxxer.hikari.pool.HikariPool$HouseKeeper [HikariPool-1 housekeeper] []: HikariPool-1 - Thread starvation or clock leap detected (housekeeper delta=47s346ms537µs300ns).
2021-07-01 15:17:20,659 ERROR org.apache.juli.logging.DirectJDKLog [http-nio-8090-exec-5] []: Servlet.service() for servlet [dispatcherServlet] in context with path [] threw exception [Request processing failed; nested exception is java.lang.NullPointerException] with root cause
java.lang.NullPointerException: null
	at code.services.UserService.getUserInfo(UserService.java:202)
	at code.controller.UserController.getUserDetail(UserController.java:55)
	at sun.reflect.NativeMethodAccessorImpl.invoke0(Native Method)
	at sun.reflect.NativeMethodAccessorImpl.invoke(NativeMethodAccessorImpl.java:62)
	at sun.reflect.DelegatingMethodAccessorImpl.invoke(DelegatingMethodAccessorImpl.java:43)
	at java.lang.reflect.Method.invoke(Method.java:498)
	at org.springframework.web.method.support.InvocableHandlerMethod.doInvoke(InvocableHandlerMethod.java:197)
	at org.springframework.web.method.support.InvocableHandlerMethod.invokeForRequest(InvocableHandlerMethod.java:141)
	at org.springframework.web.servlet.mvc.method.annotation.ServletInvocableHandlerMethod.invokeAndHandle(ServletInvocableHandlerMethod.java:106)
	at org.springframework.web.servlet.mvc.method.annotation.RequestMappingHandlerAdapter.invokeHandlerMethod(RequestMappingHandlerAdapter.java:894)
	at org.springframework.web.servlet.mvc.method.annotation.RequestMappingHandlerAdapter.handleInternal(RequestMappingHandlerAdapter.java:808)
	at org.springframework.web.servlet.mvc.method.AbstractHandlerMethodAdapter.handle(AbstractHandlerMethodAdapter.java:87)
	at org.springframework.web.servlet.DispatcherServlet.doDispatch(DispatcherServlet.java:1061)
	at org.springframework.web.servlet.DispatcherServlet.doService(DispatcherServlet.java:961)
	at org.springframework.web.servlet.FrameworkServlet.processRequest(FrameworkServlet.java:1006)
	at org.springframework.web.servlet.FrameworkServlet.doGet(FrameworkServlet.java:898)
	at javax.servlet.http.HttpServlet.service(HttpServlet.java:626)
	at org.springframework.web.servlet.FrameworkServlet.service(FrameworkServlet.java:883)
	at javax.servlet.http.HttpServlet.service(HttpServlet.java:733)
	at org.apache.catalina.core.ApplicationFilterChain.internalDoFilter(ApplicationFilterChain.java:231)
	at org.apache.catalina.core.ApplicationFilterChain.doFilter(ApplicationFilterChain.java:166)
	at org.apache.tomcat.websocket.server.WsFilter.doFilter(WsFilter.java:53)
	at org.apache.catalina.core.ApplicationFilterChain.internalDoFilter(ApplicationFilterChain.java:193)
	at org.apache.catalina.core.ApplicationFilterChain.doFilter(ApplicationFilterChain.java:166)
	at org.springframework.security.web.FilterChainProxy$VirtualFilterChain.doFilter(FilterChainProxy.java:327)
	at org.springframework.security.web.access.intercept.FilterSecurityInterceptor.invoke(FilterSecurityInterceptor.java:115)
	at org.springframework.security.web.access.intercept.FilterSecurityInterceptor.doFilter(FilterSecurityInterceptor.java:81)
	at org.springframework.security.web.FilterChainProxy$VirtualFilterChain.doFilter(FilterChainProxy.java:336)
	at org.springframework.security.web.access.ExceptionTranslationFilter.doFilter(ExceptionTranslationFilter.java:119)
	at org.springframework.security.web.access.ExceptionTranslationFilter.doFilter(ExceptionTranslationFilter.java:113)
	at org.springframework.security.web.FilterChainProxy$VirtualFilterChain.doFilter(FilterChainProxy.java:336)
	at org.springframework.security.web.session.SessionManagementFilter.doFilter(SessionManagementFilter.java:126)
	at org.springframework.security.web.session.SessionManagementFilter.doFilter(SessionManagementFilter.java:81)
	at org.springframework.security.web.FilterChainProxy$VirtualFilterChain.doFilter(FilterChainProxy.java:336)
	at org.springframework.security.web.authentication.AnonymousAuthenticationFilter.doFilter(AnonymousAuthenticationFilter.java:105)
	at org.springframework.security.web.FilterChainProxy$VirtualFilterChain.doFilter(FilterChainProxy.java:336)
	at org.springframework.security.web.servletapi.SecurityContextHolderAwareRequestFilter.doFilter(SecurityContextHolderAwareRequestFilter.java:149)
	at org.springframework.security.web.FilterChainProxy$VirtualFilterChain.doFilter(FilterChainProxy.java:336)
	at org.springframework.security.web.savedrequest.RequestCacheAwareFilter.doFilter(RequestCacheAwareFilter.java:63)
	at org.springframework.security.web.FilterChainProxy$VirtualFilterChain.doFilter(FilterChainProxy.java:336)
	at org.springframework.security.web.authentication.AbstractAuthenticationProcessingFilter.doFilter(AbstractAuthenticationProcessingFilter.java:218)
	at org.springframework.security.web.authentication.AbstractAuthenticationProcessingFilter.doFilter(AbstractAuthenticationProcessingFilter.java:212)
	at org.springframework.security.web.FilterChainProxy$VirtualFilterChain.doFilter(FilterChainProxy.java:336)
	at org.springframework.security.web.authentication.logout.LogoutFilter.doFilter(LogoutFilter.java:103)
	at org.springframework.security.web.authentication.logout.LogoutFilter.doFilter(LogoutFilter.java:89)
	at org.springframework.security.web.FilterChainProxy$VirtualFilterChain.doFilter(FilterChainProxy.java:336)
	at org.springframework.security.web.header.HeaderWriterFilter.doHeadersAfter(HeaderWriterFilter.java:90)
	at org.springframework.security.web.header.HeaderWriterFilter.doFilterInternal(HeaderWriterFilter.java:75)
	at org.springframework.web.filter.OncePerRequestFilter.doFilter(OncePerRequestFilter.java:119)
	at org.springframework.security.web.FilterChainProxy$VirtualFilterChain.doFilter(FilterChainProxy.java:336)
	at org.springframework.security.web.context.SecurityContextPersistenceFilter.doFilter(SecurityContextPersistenceFilter.java:110)
	at org.springframework.security.web.context.SecurityContextPersistenceFilter.doFilter(SecurityContextPersistenceFilter.java:80)
	at org.springframework.security.web.FilterChainProxy$VirtualFilterChain.doFilter(FilterChainProxy.java:336)
	at org.springframework.security.web.context.request.async.WebAsyncManagerIntegrationFilter.doFilterInternal(WebAsyncManagerIntegrationFilter.java:55)
	at org.springframework.web.filter.OncePerRequestFilter.doFilter(OncePerRequestFilter.java:119)
	at org.springframework.security.web.FilterChainProxy$VirtualFilterChain.doFilter(FilterChainProxy.java:336)
	at org.springframework.security.web.FilterChainProxy.doFilterInternal(FilterChainProxy.java:211)
	at org.springframework.security.web.FilterChainProxy.doFilter(FilterChainProxy.java:183)
	at org.springframework.web.filter.DelegatingFilterProxy.invokeDelegate(DelegatingFilterProxy.java:358)
	at org.springframework.web.filter.DelegatingFilterProxy.doFilter(DelegatingFilterProxy.java:271)
	at org.apache.catalina.core.ApplicationFilterChain.internalDoFilter(ApplicationFilterChain.java:193)
	at org.apache.catalina.core.ApplicationFilterChain.doFilter(ApplicationFilterChain.java:166)
	at org.springframework.web.filter.RequestContextFilter.doFilterInternal(RequestContextFilter.java:100)
	at org.springframework.web.filter.OncePerRequestFilter.doFilter(OncePerRequestFilter.java:119)
	at org.apache.catalina.core.ApplicationFilterChain.internalDoFilter(ApplicationFilterChain.java:193)
	at org.apache.catalina.core.ApplicationFilterChain.doFilter(ApplicationFilterChain.java:166)
	at org.springframework.web.filter.FormContentFilter.doFilterInternal(FormContentFilter.java:93)
	at org.springframework.web.filter.OncePerRequestFilter.doFilter(OncePerRequestFilter.java:119)
	at org.apache.catalina.core.ApplicationFilterChain.internalDoFilter(ApplicationFilterChain.java:193)
	at org.apache.catalina.core.ApplicationFilterChain.doFilter(ApplicationFilterChain.java:166)
	at org.springframework.web.filter.CharacterEncodingFilter.doFilterInternal(CharacterEncodingFilter.java:201)
	at org.springframework.web.filter.OncePerRequestFilter.doFilter(OncePerRequestFilter.java:119)
	at org.apache.catalina.core.ApplicationFilterChain.internalDoFilter(ApplicationFilterChain.java:193)
	at org.apache.catalina.core.ApplicationFilterChain.doFilter(ApplicationFilterChain.java:166)
	at org.apache.catalina.core.StandardWrapperValve.invoke(StandardWrapperValve.java:202)
	at org.apache.catalina.core.StandardContextValve.invoke(StandardContextValve.java:97)
	at org.apache.catalina.authenticator.AuthenticatorBase.invoke(AuthenticatorBase.java:542)
	at org.apache.catalina.core.StandardHostValve.invoke(StandardHostValve.java:143)
	at org.apache.catalina.valves.ErrorReportValve.invoke(ErrorReportValve.java:92)
	at org.apache.catalina.core.StandardEngineValve.invoke(StandardEngineValve.java:78)
	at org.apache.catalina.connector.CoyoteAdapter.service(CoyoteAdapter.java:343)
	at org.apache.coyote.http11.Http11Processor.service(Http11Processor.java:374)
	at org.apache.coyote.AbstractProcessorLight.process(AbstractProcessorLight.java:65)
	at org.apache.coyote.AbstractProtocol$ConnectionHandler.process(AbstractProtocol.java:888)
	at org.apache.tomcat.util.net.NioEndpoint$SocketProcessor.doRun(NioEndpoint.java:1597)
	at org.apache.tomcat.util.net.SocketProcessorBase.run(SocketProcessorBase.java:49)
	at java.util.concurrent.ThreadPoolExecutor.runWorker(ThreadPoolExecutor.java:1149)
	at java.util.concurrent.ThreadPoolExecutor$Worker.run(ThreadPoolExecutor.java:624)
	at org.apache.tomcat.util.threads.TaskThread$WrappingRunnable.run(TaskThread.java:61)
	at java.lang.Thread.run(Thread.java:748)
2021-07-01 15:18:21,003 INFO code.services.UserService [http-nio-8090-exec-10] []: ==================== START RECEIVED NEW REQUEST GET USER INFO: Id [null]
2021-07-01 15:19:12,113 ERROR org.apache.juli.logging.DirectJDKLog [http-nio-8090-exec-10] []: Servlet.service() for servlet [dispatcherServlet] in context with path [] threw exception [Request processing failed; nested exception is java.lang.NullPointerException] with root cause
java.lang.NullPointerException: null
	at code.services.UserService.getUserInfo(UserService.java:202)
	at code.controller.UserController.getUserDetail(UserController.java:55)
	at sun.reflect.NativeMethodAccessorImpl.invoke0(Native Method)
	at sun.reflect.NativeMethodAccessorImpl.invoke(NativeMethodAccessorImpl.java:62)
	at sun.reflect.DelegatingMethodAccessorImpl.invoke(DelegatingMethodAccessorImpl.java:43)
	at java.lang.reflect.Method.invoke(Method.java:498)
	at org.springframework.web.method.support.InvocableHandlerMethod.doInvoke(InvocableHandlerMethod.java:197)
	at org.springframework.web.method.support.InvocableHandlerMethod.invokeForRequest(InvocableHandlerMethod.java:141)
	at org.springframework.web.servlet.mvc.method.annotation.ServletInvocableHandlerMethod.invokeAndHandle(ServletInvocableHandlerMethod.java:106)
	at org.springframework.web.servlet.mvc.method.annotation.RequestMappingHandlerAdapter.invokeHandlerMethod(RequestMappingHandlerAdapter.java:894)
	at org.springframework.web.servlet.mvc.method.annotation.RequestMappingHandlerAdapter.handleInternal(RequestMappingHandlerAdapter.java:808)
	at org.springframework.web.servlet.mvc.method.AbstractHandlerMethodAdapter.handle(AbstractHandlerMethodAdapter.java:87)
	at org.springframework.web.servlet.DispatcherServlet.doDispatch(DispatcherServlet.java:1061)
	at org.springframework.web.servlet.DispatcherServlet.doService(DispatcherServlet.java:961)
	at org.springframework.web.servlet.FrameworkServlet.processRequest(FrameworkServlet.java:1006)
	at org.springframework.web.servlet.FrameworkServlet.doGet(FrameworkServlet.java:898)
	at javax.servlet.http.HttpServlet.service(HttpServlet.java:626)
	at org.springframework.web.servlet.FrameworkServlet.service(FrameworkServlet.java:883)
	at javax.servlet.http.HttpServlet.service(HttpServlet.java:733)
	at org.apache.catalina.core.ApplicationFilterChain.internalDoFilter(ApplicationFilterChain.java:231)
	at org.apache.catalina.core.ApplicationFilterChain.doFilter(ApplicationFilterChain.java:166)
	at org.apache.tomcat.websocket.server.WsFilter.doFilter(WsFilter.java:53)
	at org.apache.catalina.core.ApplicationFilterChain.internalDoFilter(ApplicationFilterChain.java:193)
	at org.apache.catalina.core.ApplicationFilterChain.doFilter(ApplicationFilterChain.java:166)
	at org.springframework.security.web.FilterChainProxy$VirtualFilterChain.doFilter(FilterChainProxy.java:327)
	at org.springframework.security.web.access.intercept.FilterSecurityInterceptor.invoke(FilterSecurityInterceptor.java:115)
	at org.springframework.security.web.access.intercept.FilterSecurityInterceptor.doFilter(FilterSecurityInterceptor.java:81)
	at org.springframework.security.web.FilterChainProxy$VirtualFilterChain.doFilter(FilterChainProxy.java:336)
	at org.springframework.security.web.access.ExceptionTranslationFilter.doFilter(ExceptionTranslationFilter.java:119)
	at org.springframework.security.web.access.ExceptionTranslationFilter.doFilter(ExceptionTranslationFilter.java:113)
	at org.springframework.security.web.FilterChainProxy$VirtualFilterChain.doFilter(FilterChainProxy.java:336)
	at org.springframework.security.web.session.SessionManagementFilter.doFilter(SessionManagementFilter.java:126)
	at org.springframework.security.web.session.SessionManagementFilter.doFilter(SessionManagementFilter.java:81)
	at org.springframework.security.web.FilterChainProxy$VirtualFilterChain.doFilter(FilterChainProxy.java:336)
	at org.springframework.security.web.authentication.AnonymousAuthenticationFilter.doFilter(AnonymousAuthenticationFilter.java:105)
	at org.springframework.security.web.FilterChainProxy$VirtualFilterChain.doFilter(FilterChainProxy.java:336)
	at org.springframework.security.web.servletapi.SecurityContextHolderAwareRequestFilter.doFilter(SecurityContextHolderAwareRequestFilter.java:149)
	at org.springframework.security.web.FilterChainProxy$VirtualFilterChain.doFilter(FilterChainProxy.java:336)
	at org.springframework.security.web.savedrequest.RequestCacheAwareFilter.doFilter(RequestCacheAwareFilter.java:63)
	at org.springframework.security.web.FilterChainProxy$VirtualFilterChain.doFilter(FilterChainProxy.java:336)
	at org.springframework.security.web.authentication.AbstractAuthenticationProcessingFilter.doFilter(AbstractAuthenticationProcessingFilter.java:218)
	at org.springframework.security.web.authentication.AbstractAuthenticationProcessingFilter.doFilter(AbstractAuthenticationProcessingFilter.java:212)
	at org.springframework.security.web.FilterChainProxy$VirtualFilterChain.doFilter(FilterChainProxy.java:336)
	at org.springframework.security.web.authentication.logout.LogoutFilter.doFilter(LogoutFilter.java:103)
	at org.springframework.security.web.authentication.logout.LogoutFilter.doFilter(LogoutFilter.java:89)
	at org.springframework.security.web.FilterChainProxy$VirtualFilterChain.doFilter(FilterChainProxy.java:336)
	at org.springframework.security.web.header.HeaderWriterFilter.doHeadersAfter(HeaderWriterFilter.java:90)
	at org.springframework.security.web.header.HeaderWriterFilter.doFilterInternal(HeaderWriterFilter.java:75)
	at org.springframework.web.filter.OncePerRequestFilter.doFilter(OncePerRequestFilter.java:119)
	at org.springframework.security.web.FilterChainProxy$VirtualFilterChain.doFilter(FilterChainProxy.java:336)
	at org.springframework.security.web.context.SecurityContextPersistenceFilter.doFilter(SecurityContextPersistenceFilter.java:110)
	at org.springframework.security.web.context.SecurityContextPersistenceFilter.doFilter(SecurityContextPersistenceFilter.java:80)
	at org.springframework.security.web.FilterChainProxy$VirtualFilterChain.doFilter(FilterChainProxy.java:336)
	at org.springframework.security.web.context.request.async.WebAsyncManagerIntegrationFilter.doFilterInternal(WebAsyncManagerIntegrationFilter.java:55)
	at org.springframework.web.filter.OncePerRequestFilter.doFilter(OncePerRequestFilter.java:119)
	at org.springframework.security.web.FilterChainProxy$VirtualFilterChain.doFilter(FilterChainProxy.java:336)
	at org.springframework.security.web.FilterChainProxy.doFilterInternal(FilterChainProxy.java:211)
	at org.springframework.security.web.FilterChainProxy.doFilter(FilterChainProxy.java:183)
	at org.springframework.web.filter.DelegatingFilterProxy.invokeDelegate(DelegatingFilterProxy.java:358)
	at org.springframework.web.filter.DelegatingFilterProxy.doFilter(DelegatingFilterProxy.java:271)
	at org.apache.catalina.core.ApplicationFilterChain.internalDoFilter(ApplicationFilterChain.java:193)
	at org.apache.catalina.core.ApplicationFilterChain.doFilter(ApplicationFilterChain.java:166)
	at org.springframework.web.filter.RequestContextFilter.doFilterInternal(RequestContextFilter.java:100)
	at org.springframework.web.filter.OncePerRequestFilter.doFilter(OncePerRequestFilter.java:119)
	at org.apache.catalina.core.ApplicationFilterChain.internalDoFilter(ApplicationFilterChain.java:193)
	at org.apache.catalina.core.ApplicationFilterChain.doFilter(ApplicationFilterChain.java:166)
	at org.springframework.web.filter.FormContentFilter.doFilterInternal(FormContentFilter.java:93)
	at org.springframework.web.filter.OncePerRequestFilter.doFilter(OncePerRequestFilter.java:119)
	at org.apache.catalina.core.ApplicationFilterChain.internalDoFilter(ApplicationFilterChain.java:193)
	at org.apache.catalina.core.ApplicationFilterChain.doFilter(ApplicationFilterChain.java:166)
	at org.springframework.web.filter.CharacterEncodingFilter.doFilterInternal(CharacterEncodingFilter.java:201)
	at org.springframework.web.filter.OncePerRequestFilter.doFilter(OncePerRequestFilter.java:119)
	at org.apache.catalina.core.ApplicationFilterChain.internalDoFilter(ApplicationFilterChain.java:193)
	at org.apache.catalina.core.ApplicationFilterChain.doFilter(ApplicationFilterChain.java:166)
	at org.apache.catalina.core.StandardWrapperValve.invoke(StandardWrapperValve.java:202)
	at org.apache.catalina.core.StandardContextValve.invoke(StandardContextValve.java:97)
	at org.apache.catalina.authenticator.AuthenticatorBase.invoke(AuthenticatorBase.java:542)
	at org.apache.catalina.core.StandardHostValve.invoke(StandardHostValve.java:143)
	at org.apache.catalina.valves.ErrorReportValve.invoke(ErrorReportValve.java:92)
	at org.apache.catalina.core.StandardEngineValve.invoke(StandardEngineValve.java:78)
	at org.apache.catalina.connector.CoyoteAdapter.service(CoyoteAdapter.java:343)
	at org.apache.coyote.http11.Http11Processor.service(Http11Processor.java:374)
	at org.apache.coyote.AbstractProcessorLight.process(AbstractProcessorLight.java:65)
	at org.apache.coyote.AbstractProtocol$ConnectionHandler.process(AbstractProtocol.java:888)
	at org.apache.tomcat.util.net.NioEndpoint$SocketProcessor.doRun(NioEndpoint.java:1597)
	at org.apache.tomcat.util.net.SocketProcessorBase.run(SocketProcessorBase.java:49)
	at java.util.concurrent.ThreadPoolExecutor.runWorker(ThreadPoolExecutor.java:1149)
	at java.util.concurrent.ThreadPoolExecutor$Worker.run(ThreadPoolExecutor.java:624)
	at org.apache.tomcat.util.threads.TaskThread$WrappingRunnable.run(TaskThread.java:61)
	at java.lang.Thread.run(Thread.java:748)
2021-07-01 15:19:26,091 INFO code.services.UserService [http-nio-8090-exec-8] []: ==================== START RECEIVED NEW REQUEST GET USER INFO: Id [null]
2021-07-01 15:24:22,243 WARN com.zaxxer.hikari.pool.HikariPool$HouseKeeper [HikariPool-1 housekeeper] []: HikariPool-1 - Thread starvation or clock leap detected (housekeeper delta=5m10s136ms957µs200ns).
2021-07-01 15:24:22,332 ERROR org.apache.juli.logging.DirectJDKLog [http-nio-8090-exec-8] []: Servlet.service() for servlet [dispatcherServlet] in context with path [] threw exception [Request processing failed; nested exception is java.lang.NullPointerException] with root cause
java.lang.NullPointerException: null
	at code.services.UserService.getUserInfo(UserService.java:202)
	at code.controller.UserController.getUserDetail(UserController.java:55)
	at sun.reflect.NativeMethodAccessorImpl.invoke0(Native Method)
	at sun.reflect.NativeMethodAccessorImpl.invoke(NativeMethodAccessorImpl.java:62)
	at sun.reflect.DelegatingMethodAccessorImpl.invoke(DelegatingMethodAccessorImpl.java:43)
	at java.lang.reflect.Method.invoke(Method.java:498)
	at org.springframework.web.method.support.InvocableHandlerMethod.doInvoke(InvocableHandlerMethod.java:197)
	at org.springframework.web.method.support.InvocableHandlerMethod.invokeForRequest(InvocableHandlerMethod.java:141)
	at org.springframework.web.servlet.mvc.method.annotation.ServletInvocableHandlerMethod.invokeAndHandle(ServletInvocableHandlerMethod.java:106)
	at org.springframework.web.servlet.mvc.method.annotation.RequestMappingHandlerAdapter.invokeHandlerMethod(RequestMappingHandlerAdapter.java:894)
	at org.springframework.web.servlet.mvc.method.annotation.RequestMappingHandlerAdapter.handleInternal(RequestMappingHandlerAdapter.java:808)
	at org.springframework.web.servlet.mvc.method.AbstractHandlerMethodAdapter.handle(AbstractHandlerMethodAdapter.java:87)
	at org.springframework.web.servlet.DispatcherServlet.doDispatch(DispatcherServlet.java:1061)
	at org.springframework.web.servlet.DispatcherServlet.doService(DispatcherServlet.java:961)
	at org.springframework.web.servlet.FrameworkServlet.processRequest(FrameworkServlet.java:1006)
	at org.springframework.web.servlet.FrameworkServlet.doGet(FrameworkServlet.java:898)
	at javax.servlet.http.HttpServlet.service(HttpServlet.java:626)
	at org.springframework.web.servlet.FrameworkServlet.service(FrameworkServlet.java:883)
	at javax.servlet.http.HttpServlet.service(HttpServlet.java:733)
	at org.apache.catalina.core.ApplicationFilterChain.internalDoFilter(ApplicationFilterChain.java:231)
	at org.apache.catalina.core.ApplicationFilterChain.doFilter(ApplicationFilterChain.java:166)
	at org.apache.tomcat.websocket.server.WsFilter.doFilter(WsFilter.java:53)
	at org.apache.catalina.core.ApplicationFilterChain.internalDoFilter(ApplicationFilterChain.java:193)
	at org.apache.catalina.core.ApplicationFilterChain.doFilter(ApplicationFilterChain.java:166)
	at org.springframework.security.web.FilterChainProxy$VirtualFilterChain.doFilter(FilterChainProxy.java:327)
	at org.springframework.security.web.access.intercept.FilterSecurityInterceptor.invoke(FilterSecurityInterceptor.java:115)
	at org.springframework.security.web.access.intercept.FilterSecurityInterceptor.doFilter(FilterSecurityInterceptor.java:81)
	at org.springframework.security.web.FilterChainProxy$VirtualFilterChain.doFilter(FilterChainProxy.java:336)
	at org.springframework.security.web.access.ExceptionTranslationFilter.doFilter(ExceptionTranslationFilter.java:119)
	at org.springframework.security.web.access.ExceptionTranslationFilter.doFilter(ExceptionTranslationFilter.java:113)
	at org.springframework.security.web.FilterChainProxy$VirtualFilterChain.doFilter(FilterChainProxy.java:336)
	at org.springframework.security.web.session.SessionManagementFilter.doFilter(SessionManagementFilter.java:126)
	at org.springframework.security.web.session.SessionManagementFilter.doFilter(SessionManagementFilter.java:81)
	at org.springframework.security.web.FilterChainProxy$VirtualFilterChain.doFilter(FilterChainProxy.java:336)
	at org.springframework.security.web.authentication.AnonymousAuthenticationFilter.doFilter(AnonymousAuthenticationFilter.java:105)
	at org.springframework.security.web.FilterChainProxy$VirtualFilterChain.doFilter(FilterChainProxy.java:336)
	at org.springframework.security.web.servletapi.SecurityContextHolderAwareRequestFilter.doFilter(SecurityContextHolderAwareRequestFilter.java:149)
	at org.springframework.security.web.FilterChainProxy$VirtualFilterChain.doFilter(FilterChainProxy.java:336)
	at org.springframework.security.web.savedrequest.RequestCacheAwareFilter.doFilter(RequestCacheAwareFilter.java:63)
	at org.springframework.security.web.FilterChainProxy$VirtualFilterChain.doFilter(FilterChainProxy.java:336)
	at org.springframework.security.web.authentication.AbstractAuthenticationProcessingFilter.doFilter(AbstractAuthenticationProcessingFilter.java:218)
	at org.springframework.security.web.authentication.AbstractAuthenticationProcessingFilter.doFilter(AbstractAuthenticationProcessingFilter.java:212)
	at org.springframework.security.web.FilterChainProxy$VirtualFilterChain.doFilter(FilterChainProxy.java:336)
	at org.springframework.security.web.authentication.logout.LogoutFilter.doFilter(LogoutFilter.java:103)
	at org.springframework.security.web.authentication.logout.LogoutFilter.doFilter(LogoutFilter.java:89)
	at org.springframework.security.web.FilterChainProxy$VirtualFilterChain.doFilter(FilterChainProxy.java:336)
	at org.springframework.security.web.header.HeaderWriterFilter.doHeadersAfter(HeaderWriterFilter.java:90)
	at org.springframework.security.web.header.HeaderWriterFilter.doFilterInternal(HeaderWriterFilter.java:75)
	at org.springframework.web.filter.OncePerRequestFilter.doFilter(OncePerRequestFilter.java:119)
	at org.springframework.security.web.FilterChainProxy$VirtualFilterChain.doFilter(FilterChainProxy.java:336)
	at org.springframework.security.web.context.SecurityContextPersistenceFilter.doFilter(SecurityContextPersistenceFilter.java:110)
	at org.springframework.security.web.context.SecurityContextPersistenceFilter.doFilter(SecurityContextPersistenceFilter.java:80)
	at org.springframework.security.web.FilterChainProxy$VirtualFilterChain.doFilter(FilterChainProxy.java:336)
	at org.springframework.security.web.context.request.async.WebAsyncManagerIntegrationFilter.doFilterInternal(WebAsyncManagerIntegrationFilter.java:55)
	at org.springframework.web.filter.OncePerRequestFilter.doFilter(OncePerRequestFilter.java:119)
	at org.springframework.security.web.FilterChainProxy$VirtualFilterChain.doFilter(FilterChainProxy.java:336)
	at org.springframework.security.web.FilterChainProxy.doFilterInternal(FilterChainProxy.java:211)
	at org.springframework.security.web.FilterChainProxy.doFilter(FilterChainProxy.java:183)
	at org.springframework.web.filter.DelegatingFilterProxy.invokeDelegate(DelegatingFilterProxy.java:358)
	at org.springframework.web.filter.DelegatingFilterProxy.doFilter(DelegatingFilterProxy.java:271)
	at org.apache.catalina.core.ApplicationFilterChain.internalDoFilter(ApplicationFilterChain.java:193)
	at org.apache.catalina.core.ApplicationFilterChain.doFilter(ApplicationFilterChain.java:166)
	at org.springframework.web.filter.RequestContextFilter.doFilterInternal(RequestContextFilter.java:100)
	at org.springframework.web.filter.OncePerRequestFilter.doFilter(OncePerRequestFilter.java:119)
	at org.apache.catalina.core.ApplicationFilterChain.internalDoFilter(ApplicationFilterChain.java:193)
	at org.apache.catalina.core.ApplicationFilterChain.doFilter(ApplicationFilterChain.java:166)
	at org.springframework.web.filter.FormContentFilter.doFilterInternal(FormContentFilter.java:93)
	at org.springframework.web.filter.OncePerRequestFilter.doFilter(OncePerRequestFilter.java:119)
	at org.apache.catalina.core.ApplicationFilterChain.internalDoFilter(ApplicationFilterChain.java:193)
	at org.apache.catalina.core.ApplicationFilterChain.doFilter(ApplicationFilterChain.java:166)
	at org.springframework.web.filter.CharacterEncodingFilter.doFilterInternal(CharacterEncodingFilter.java:201)
	at org.springframework.web.filter.OncePerRequestFilter.doFilter(OncePerRequestFilter.java:119)
	at org.apache.catalina.core.ApplicationFilterChain.internalDoFilter(ApplicationFilterChain.java:193)
	at org.apache.catalina.core.ApplicationFilterChain.doFilter(ApplicationFilterChain.java:166)
	at org.apache.catalina.core.StandardWrapperValve.invoke(StandardWrapperValve.java:202)
	at org.apache.catalina.core.StandardContextValve.invoke(StandardContextValve.java:97)
	at org.apache.catalina.authenticator.AuthenticatorBase.invoke(AuthenticatorBase.java:542)
	at org.apache.catalina.core.StandardHostValve.invoke(StandardHostValve.java:143)
	at org.apache.catalina.valves.ErrorReportValve.invoke(ErrorReportValve.java:92)
	at org.apache.catalina.core.StandardEngineValve.invoke(StandardEngineValve.java:78)
	at org.apache.catalina.connector.CoyoteAdapter.service(CoyoteAdapter.java:343)
	at org.apache.coyote.http11.Http11Processor.service(Http11Processor.java:374)
	at org.apache.coyote.AbstractProcessorLight.process(AbstractProcessorLight.java:65)
	at org.apache.coyote.AbstractProtocol$ConnectionHandler.process(AbstractProtocol.java:888)
	at org.apache.tomcat.util.net.NioEndpoint$SocketProcessor.doRun(NioEndpoint.java:1597)
	at org.apache.tomcat.util.net.SocketProcessorBase.run(SocketProcessorBase.java:49)
	at java.util.concurrent.ThreadPoolExecutor.runWorker(ThreadPoolExecutor.java:1149)
	at java.util.concurrent.ThreadPoolExecutor$Worker.run(ThreadPoolExecutor.java:624)
	at org.apache.tomcat.util.threads.TaskThread$WrappingRunnable.run(TaskThread.java:61)
	at java.lang.Thread.run(Thread.java:748)
2021-07-01 15:24:23,536 INFO org.springframework.scheduling.concurrent.ExecutorConfigurationSupport [SpringContextShutdownHook] []: Shutting down ExecutorService 'applicationTaskExecutor'
2021-07-01 15:24:23,561 INFO org.springframework.orm.jpa.AbstractEntityManagerFactoryBean [SpringContextShutdownHook] []: Closing JPA EntityManagerFactory for persistence unit 'default'
2021-07-01 15:24:23,611 INFO com.zaxxer.hikari.HikariDataSource [SpringContextShutdownHook] []: HikariPool-1 - Shutdown initiated...
2021-07-01 15:24:23,661 INFO com.zaxxer.hikari.HikariDataSource [SpringContextShutdownHook] []: HikariPool-1 - Shutdown completed.
2021-07-01 15:24:52,744 INFO org.springframework.boot.StartupInfoLogger [main] []: Starting MainApplication using Java 1.8.0_221 on Admin with PID 12132 (D:\myDocuments\IdeaProjects\Spring_Framework\target\classes started by Admin in D:\myDocuments\IdeaProjects\Spring_Framework)
2021-07-01 15:24:52,751 INFO org.springframework.boot.SpringApplication [main] []: No active profile set, falling back to default profiles: default
2021-07-01 15:24:57,371 INFO org.springframework.data.repository.config.RepositoryConfigurationDelegate [main] []: Bootstrapping Spring Data JPA repositories in DEFAULT mode.
2021-07-01 15:24:57,701 INFO org.springframework.data.repository.config.RepositoryConfigurationDelegate [main] []: Finished Spring Data repository scanning in 291 ms. Found 5 JPA repository interfaces.
2021-07-01 15:25:01,357 INFO org.springframework.boot.web.embedded.tomcat.TomcatWebServer [main] []: Tomcat initialized with port(s): 8090 (http)
2021-07-01 15:25:01,392 INFO org.apache.juli.logging.DirectJDKLog [main] []: Initializing ProtocolHandler ["http-nio-8090"]
2021-07-01 15:25:01,394 INFO org.apache.juli.logging.DirectJDKLog [main] []: Starting service [Tomcat]
2021-07-01 15:25:01,395 INFO org.apache.juli.logging.DirectJDKLog [main] []: Starting Servlet engine: [Apache Tomcat/9.0.41]
2021-07-01 15:25:01,899 INFO org.apache.juli.logging.DirectJDKLog [main] []: Initializing Spring embedded WebApplicationContext
2021-07-01 15:25:01,900 INFO org.springframework.boot.web.servlet.context.ServletWebServerApplicationContext [main] []: Root WebApplicationContext: initialization completed in 8943 ms
2021-07-01 15:25:02,819 INFO com.zaxxer.hikari.HikariDataSource [main] []: HikariPool-1 - Starting...
2021-07-01 15:25:02,845 WARN com.zaxxer.hikari.util.DriverDataSource [main] []: Registered driver with driverClassName=com.mysql.jdbc.Driver was not found, trying direct instantiation.
2021-07-01 15:25:05,114 INFO com.zaxxer.hikari.HikariDataSource [main] []: HikariPool-1 - Start completed.
2021-07-01 15:25:05,353 INFO org.hibernate.jpa.internal.util.LogHelper [main] []: HHH000204: Processing PersistenceUnitInfo [name: default]
2021-07-01 15:25:05,681 INFO org.hibernate.Version [main] []: HHH000412: Hibernate ORM core version 5.4.25.Final
2021-07-01 15:25:06,294 INFO org.hibernate.annotations.common.reflection.java.JavaReflectionManager [main] []: HCANN000001: Hibernate Commons Annotations {5.1.2.Final}
2021-07-01 15:25:06,869 INFO org.hibernate.dialect.Dialect [main] []: HHH000400: Using dialect: org.hibernate.dialect.MySQL5Dialect
2021-07-01 15:25:09,754 INFO org.hibernate.engine.transaction.jta.platform.internal.JtaPlatformInitiator [main] []: HHH000490: Using JtaPlatform implementation: [org.hibernate.engine.transaction.jta.platform.internal.NoJtaPlatform]
2021-07-01 15:25:09,798 INFO org.springframework.orm.jpa.AbstractEntityManagerFactoryBean [main] []: Initialized JPA EntityManagerFactory for persistence unit 'default'
2021-07-01 15:25:10,012 WARN org.springframework.boot.autoconfigure.orm.jpa.JpaBaseConfiguration$JpaWebConfiguration [main] []: spring.jpa.open-in-view is enabled by default. Therefore, database queries may be performed during view rendering. Explicitly configure spring.jpa.open-in-view to disable this warning
2021-07-01 15:25:14,584 INFO springfox.documentation.spring.web.PropertySourcedRequestMappingHandlerMapping [main] []: Mapped URL path [/v2/api-docs] onto method [springfox.documentation.swagger2.web.Swagger2Controller#getDocumentation(String, HttpServletRequest)]
2021-07-01 15:25:15,172 INFO org.springframework.security.web.DefaultSecurityFilterChain [main] []: Will secure any request with [org.springframework.security.web.context.request.async.WebAsyncManagerIntegrationFilter@88fc9cb, org.springframework.security.web.context.SecurityContextPersistenceFilter@643fed50, org.springframework.security.web.header.HeaderWriterFilter@75c45c4b, org.springframework.security.web.authentication.logout.LogoutFilter@1f2d0ca2, org.springframework.security.web.authentication.UsernamePasswordAuthenticationFilter@45dfb6a4, org.springframework.security.web.savedrequest.RequestCacheAwareFilter@7dbe858f, org.springframework.security.web.servletapi.SecurityContextHolderAwareRequestFilter@4c81e7c2, org.springframework.security.web.authentication.AnonymousAuthenticationFilter@75693526, org.springframework.security.web.session.SessionManagementFilter@133d0471, org.springframework.security.web.access.ExceptionTranslationFilter@2d398cfb, org.springframework.security.web.access.intercept.FilterSecurityInterceptor@8bb5c2a]
2021-07-01 15:25:15,538 INFO org.springframework.scheduling.concurrent.ExecutorConfigurationSupport [main] []: Initializing ExecutorService 'applicationTaskExecutor'
2021-07-01 15:25:16,365 INFO org.apache.juli.logging.DirectJDKLog [main] []: Starting ProtocolHandler ["http-nio-8090"]
2021-07-01 15:25:16,445 INFO org.springframework.boot.web.embedded.tomcat.TomcatWebServer [main] []: Tomcat started on port(s): 8090 (http) with context path ''
2021-07-01 15:25:16,449 INFO springfox.documentation.spring.web.plugins.DocumentationPluginsBootstrapper [main] []: Context refreshed
2021-07-01 15:25:16,573 INFO springfox.documentation.spring.web.plugins.DocumentationPluginsBootstrapper [main] []: Found 1 custom documentation plugin(s)
2021-07-01 15:25:16,693 INFO springfox.documentation.spring.web.scanners.ApiListingReferenceScanner [main] []: Scanning for api listing references
2021-07-01 15:25:17,386 INFO org.springframework.boot.StartupInfoLogger [main] []: Started MainApplication in 26.376 seconds (JVM running for 29.965)
2021-07-01 15:28:17,287 INFO org.apache.juli.logging.DirectJDKLog [http-nio-8090-exec-1] []: Initializing Spring DispatcherServlet 'dispatcherServlet'
2021-07-01 15:28:17,289 INFO org.springframework.web.servlet.FrameworkServlet [http-nio-8090-exec-1] []: Initializing Servlet 'dispatcherServlet'
2021-07-01 15:28:17,298 INFO org.springframework.web.servlet.FrameworkServlet [http-nio-8090-exec-1] []: Completed initialization in 8 ms
2021-07-01 15:29:00,863 INFO code.services.UserService [http-nio-8090-exec-3] []: ==================== START RECEIVED LOGIN REQUEST from email [admin@gmail.com]
2021-07-01 15:29:01,974 INFO code.services.UserService [http-nio-8090-exec-3] []: Found user name [admin] with this email
2021-07-01 15:29:02,223 INFO code.services.UserService [http-nio-8090-exec-3] []: Created new token [3d6e8185-1712-45aa-9d0f-d44d6296e5ed] for user name [admin] at [2021-07-01 15:25:10.192]
2021-07-01 15:29:02,387 INFO code.services.UserService [http-nio-8090-exec-3] []: Login success with email [admin@gmail.com] .
2021-07-01 15:29:02,388 INFO code.services.UserService [http-nio-8090-exec-3] []: ==================== END REQUEST LOGIN
2021-07-01 15:29:13,006 INFO code.services.UserService [http-nio-8090-exec-7] []: ==================== START RECEIVED NEW REQUEST GET USER INFO: Id [null]
2021-07-01 15:29:47,331 INFO org.springframework.scheduling.concurrent.ExecutorConfigurationSupport [SpringContextShutdownHook] []: Shutting down ExecutorService 'applicationTaskExecutor'
2021-07-01 15:29:47,366 INFO org.springframework.orm.jpa.AbstractEntityManagerFactoryBean [SpringContextShutdownHook] []: Closing JPA EntityManagerFactory for persistence unit 'default'
2021-07-01 15:29:47,375 INFO com.zaxxer.hikari.HikariDataSource [SpringContextShutdownHook] []: HikariPool-1 - Shutdown initiated...
2021-07-01 15:29:47,442 INFO com.zaxxer.hikari.HikariDataSource [SpringContextShutdownHook] []: HikariPool-1 - Shutdown completed.
2021-07-01 15:30:03,495 INFO org.springframework.boot.StartupInfoLogger [main] []: Starting MainApplication using Java 1.8.0_221 on Admin with PID 2504 (D:\myDocuments\IdeaProjects\Spring_Framework\target\classes started by Admin in D:\myDocuments\IdeaProjects\Spring_Framework)
2021-07-01 15:30:03,504 INFO org.springframework.boot.SpringApplication [main] []: No active profile set, falling back to default profiles: default
2021-07-01 15:30:07,254 INFO org.springframework.data.repository.config.RepositoryConfigurationDelegate [main] []: Bootstrapping Spring Data JPA repositories in DEFAULT mode.
2021-07-01 15:30:07,557 INFO org.springframework.data.repository.config.RepositoryConfigurationDelegate [main] []: Finished Spring Data repository scanning in 256 ms. Found 5 JPA repository interfaces.
2021-07-01 15:30:10,859 INFO org.springframework.boot.web.embedded.tomcat.TomcatWebServer [main] []: Tomcat initialized with port(s): 8090 (http)
2021-07-01 15:30:10,913 INFO org.apache.juli.logging.DirectJDKLog [main] []: Initializing ProtocolHandler ["http-nio-8090"]
2021-07-01 15:30:10,916 INFO org.apache.juli.logging.DirectJDKLog [main] []: Starting service [Tomcat]
2021-07-01 15:30:10,918 INFO org.apache.juli.logging.DirectJDKLog [main] []: Starting Servlet engine: [Apache Tomcat/9.0.41]
2021-07-01 15:30:11,429 INFO org.apache.juli.logging.DirectJDKLog [main] []: Initializing Spring embedded WebApplicationContext
2021-07-01 15:30:11,430 INFO org.springframework.boot.web.servlet.context.ServletWebServerApplicationContext [main] []: Root WebApplicationContext: initialization completed in 7660 ms
2021-07-01 15:30:12,215 INFO com.zaxxer.hikari.HikariDataSource [main] []: HikariPool-1 - Starting...
2021-07-01 15:30:12,241 WARN com.zaxxer.hikari.util.DriverDataSource [main] []: Registered driver with driverClassName=com.mysql.jdbc.Driver was not found, trying direct instantiation.
2021-07-01 15:30:14,488 INFO com.zaxxer.hikari.HikariDataSource [main] []: HikariPool-1 - Start completed.
2021-07-01 15:30:14,868 INFO org.hibernate.jpa.internal.util.LogHelper [main] []: HHH000204: Processing PersistenceUnitInfo [name: default]
2021-07-01 15:30:15,194 INFO org.hibernate.Version [main] []: HHH000412: Hibernate ORM core version 5.4.25.Final
2021-07-01 15:30:15,899 INFO org.hibernate.annotations.common.reflection.java.JavaReflectionManager [main] []: HCANN000001: Hibernate Commons Annotations {5.1.2.Final}
2021-07-01 15:30:16,470 INFO org.hibernate.dialect.Dialect [main] []: HHH000400: Using dialect: org.hibernate.dialect.MySQL5Dialect
2021-07-01 15:30:18,916 INFO org.hibernate.engine.transaction.jta.platform.internal.JtaPlatformInitiator [main] []: HHH000490: Using JtaPlatform implementation: [org.hibernate.engine.transaction.jta.platform.internal.NoJtaPlatform]
2021-07-01 15:30:18,960 INFO org.springframework.orm.jpa.AbstractEntityManagerFactoryBean [main] []: Initialized JPA EntityManagerFactory for persistence unit 'default'
2021-07-01 15:30:19,185 WARN org.springframework.boot.autoconfigure.orm.jpa.JpaBaseConfiguration$JpaWebConfiguration [main] []: spring.jpa.open-in-view is enabled by default. Therefore, database queries may be performed during view rendering. Explicitly configure spring.jpa.open-in-view to disable this warning
2021-07-01 15:30:24,110 INFO springfox.documentation.spring.web.PropertySourcedRequestMappingHandlerMapping [main] []: Mapped URL path [/v2/api-docs] onto method [springfox.documentation.swagger2.web.Swagger2Controller#getDocumentation(String, HttpServletRequest)]
2021-07-01 15:30:24,757 INFO org.springframework.security.web.DefaultSecurityFilterChain [main] []: Will secure any request with [org.springframework.security.web.context.request.async.WebAsyncManagerIntegrationFilter@8bd9d08, org.springframework.security.web.context.SecurityContextPersistenceFilter@1fa77770, org.springframework.security.web.header.HeaderWriterFilter@aaf4375, org.springframework.security.web.authentication.logout.LogoutFilter@23b3afb4, org.springframework.security.web.authentication.UsernamePasswordAuthenticationFilter@41041c31, org.springframework.security.web.savedrequest.RequestCacheAwareFilter@18d63996, org.springframework.security.web.servletapi.SecurityContextHolderAwareRequestFilter@4ac26092, org.springframework.security.web.authentication.AnonymousAuthenticationFilter@189f3ccd, org.springframework.security.web.session.SessionManagementFilter@43a72f0f, org.springframework.security.web.access.ExceptionTranslationFilter@21f9a305, org.springframework.security.web.access.intercept.FilterSecurityInterceptor@1f596988]
2021-07-01 15:30:25,089 INFO org.springframework.scheduling.concurrent.ExecutorConfigurationSupport [main] []: Initializing ExecutorService 'applicationTaskExecutor'
2021-07-01 15:30:25,998 INFO org.apache.juli.logging.DirectJDKLog [main] []: Starting ProtocolHandler ["http-nio-8090"]
2021-07-01 15:30:26,078 INFO org.springframework.boot.web.embedded.tomcat.TomcatWebServer [main] []: Tomcat started on port(s): 8090 (http) with context path ''
2021-07-01 15:30:26,082 INFO springfox.documentation.spring.web.plugins.DocumentationPluginsBootstrapper [main] []: Context refreshed
2021-07-01 15:30:26,187 INFO springfox.documentation.spring.web.plugins.DocumentationPluginsBootstrapper [main] []: Found 1 custom documentation plugin(s)
2021-07-01 15:30:26,324 INFO springfox.documentation.spring.web.scanners.ApiListingReferenceScanner [main] []: Scanning for api listing references
2021-07-01 15:30:27,118 INFO org.springframework.boot.StartupInfoLogger [main] []: Started MainApplication in 25.301 seconds (JVM running for 28.409)
2021-07-01 15:35:20,353 INFO org.apache.juli.logging.DirectJDKLog [http-nio-8090-exec-1] []: Initializing Spring DispatcherServlet 'dispatcherServlet'
2021-07-01 15:35:20,354 INFO org.springframework.web.servlet.FrameworkServlet [http-nio-8090-exec-1] []: Initializing Servlet 'dispatcherServlet'
2021-07-01 15:35:20,363 INFO org.springframework.web.servlet.FrameworkServlet [http-nio-8090-exec-1] []: Completed initialization in 8 ms
2021-07-01 15:35:20,763 INFO code.services.UserService [http-nio-8090-exec-1] []: ==================== START RECEIVED NEW REQUEST GET USER INFO: Id [null]
2021-07-01 15:37:20,514 WARN com.zaxxer.hikari.pool.HikariPool$HouseKeeper [HikariPool-1 housekeeper] []: HikariPool-1 - Thread starvation or clock leap detected (housekeeper delta=2m5s833ms420µs200ns).
2021-07-01 15:37:51,310 ERROR org.apache.juli.logging.DirectJDKLog [http-nio-8090-exec-1] []: Servlet.service() for servlet [dispatcherServlet] in context with path [] threw exception [Request processing failed; nested exception is java.lang.NullPointerException] with root cause
java.lang.NullPointerException: null
	at code.services.UserService.getUserInfo(UserService.java:202)
	at code.controller.UserController.getUserDetail(UserController.java:55)
	at sun.reflect.NativeMethodAccessorImpl.invoke0(Native Method)
	at sun.reflect.NativeMethodAccessorImpl.invoke(NativeMethodAccessorImpl.java:62)
	at sun.reflect.DelegatingMethodAccessorImpl.invoke(DelegatingMethodAccessorImpl.java:43)
	at java.lang.reflect.Method.invoke(Method.java:498)
	at org.springframework.web.method.support.InvocableHandlerMethod.doInvoke(InvocableHandlerMethod.java:197)
	at org.springframework.web.method.support.InvocableHandlerMethod.invokeForRequest(InvocableHandlerMethod.java:141)
	at org.springframework.web.servlet.mvc.method.annotation.ServletInvocableHandlerMethod.invokeAndHandle(ServletInvocableHandlerMethod.java:106)
	at org.springframework.web.servlet.mvc.method.annotation.RequestMappingHandlerAdapter.invokeHandlerMethod(RequestMappingHandlerAdapter.java:894)
	at org.springframework.web.servlet.mvc.method.annotation.RequestMappingHandlerAdapter.handleInternal(RequestMappingHandlerAdapter.java:808)
	at org.springframework.web.servlet.mvc.method.AbstractHandlerMethodAdapter.handle(AbstractHandlerMethodAdapter.java:87)
	at org.springframework.web.servlet.DispatcherServlet.doDispatch(DispatcherServlet.java:1061)
	at org.springframework.web.servlet.DispatcherServlet.doService(DispatcherServlet.java:961)
	at org.springframework.web.servlet.FrameworkServlet.processRequest(FrameworkServlet.java:1006)
	at org.springframework.web.servlet.FrameworkServlet.doGet(FrameworkServlet.java:898)
	at javax.servlet.http.HttpServlet.service(HttpServlet.java:626)
	at org.springframework.web.servlet.FrameworkServlet.service(FrameworkServlet.java:883)
	at javax.servlet.http.HttpServlet.service(HttpServlet.java:733)
	at org.apache.catalina.core.ApplicationFilterChain.internalDoFilter(ApplicationFilterChain.java:231)
	at org.apache.catalina.core.ApplicationFilterChain.doFilter(ApplicationFilterChain.java:166)
	at org.apache.tomcat.websocket.server.WsFilter.doFilter(WsFilter.java:53)
	at org.apache.catalina.core.ApplicationFilterChain.internalDoFilter(ApplicationFilterChain.java:193)
	at org.apache.catalina.core.ApplicationFilterChain.doFilter(ApplicationFilterChain.java:166)
	at org.springframework.security.web.FilterChainProxy$VirtualFilterChain.doFilter(FilterChainProxy.java:327)
	at org.springframework.security.web.access.intercept.FilterSecurityInterceptor.invoke(FilterSecurityInterceptor.java:115)
	at org.springframework.security.web.access.intercept.FilterSecurityInterceptor.doFilter(FilterSecurityInterceptor.java:81)
	at org.springframework.security.web.FilterChainProxy$VirtualFilterChain.doFilter(FilterChainProxy.java:336)
	at org.springframework.security.web.access.ExceptionTranslationFilter.doFilter(ExceptionTranslationFilter.java:119)
	at org.springframework.security.web.access.ExceptionTranslationFilter.doFilter(ExceptionTranslationFilter.java:113)
	at org.springframework.security.web.FilterChainProxy$VirtualFilterChain.doFilter(FilterChainProxy.java:336)
	at org.springframework.security.web.session.SessionManagementFilter.doFilter(SessionManagementFilter.java:126)
	at org.springframework.security.web.session.SessionManagementFilter.doFilter(SessionManagementFilter.java:81)
	at org.springframework.security.web.FilterChainProxy$VirtualFilterChain.doFilter(FilterChainProxy.java:336)
	at org.springframework.security.web.authentication.AnonymousAuthenticationFilter.doFilter(AnonymousAuthenticationFilter.java:105)
	at org.springframework.security.web.FilterChainProxy$VirtualFilterChain.doFilter(FilterChainProxy.java:336)
	at org.springframework.security.web.servletapi.SecurityContextHolderAwareRequestFilter.doFilter(SecurityContextHolderAwareRequestFilter.java:149)
	at org.springframework.security.web.FilterChainProxy$VirtualFilterChain.doFilter(FilterChainProxy.java:336)
	at org.springframework.security.web.savedrequest.RequestCacheAwareFilter.doFilter(RequestCacheAwareFilter.java:63)
	at org.springframework.security.web.FilterChainProxy$VirtualFilterChain.doFilter(FilterChainProxy.java:336)
	at org.springframework.security.web.authentication.AbstractAuthenticationProcessingFilter.doFilter(AbstractAuthenticationProcessingFilter.java:218)
	at org.springframework.security.web.authentication.AbstractAuthenticationProcessingFilter.doFilter(AbstractAuthenticationProcessingFilter.java:212)
	at org.springframework.security.web.FilterChainProxy$VirtualFilterChain.doFilter(FilterChainProxy.java:336)
	at org.springframework.security.web.authentication.logout.LogoutFilter.doFilter(LogoutFilter.java:103)
	at org.springframework.security.web.authentication.logout.LogoutFilter.doFilter(LogoutFilter.java:89)
	at org.springframework.security.web.FilterChainProxy$VirtualFilterChain.doFilter(FilterChainProxy.java:336)
	at org.springframework.security.web.header.HeaderWriterFilter.doHeadersAfter(HeaderWriterFilter.java:90)
	at org.springframework.security.web.header.HeaderWriterFilter.doFilterInternal(HeaderWriterFilter.java:75)
	at org.springframework.web.filter.OncePerRequestFilter.doFilter(OncePerRequestFilter.java:119)
	at org.springframework.security.web.FilterChainProxy$VirtualFilterChain.doFilter(FilterChainProxy.java:336)
	at org.springframework.security.web.context.SecurityContextPersistenceFilter.doFilter(SecurityContextPersistenceFilter.java:110)
	at org.springframework.security.web.context.SecurityContextPersistenceFilter.doFilter(SecurityContextPersistenceFilter.java:80)
	at org.springframework.security.web.FilterChainProxy$VirtualFilterChain.doFilter(FilterChainProxy.java:336)
	at org.springframework.security.web.context.request.async.WebAsyncManagerIntegrationFilter.doFilterInternal(WebAsyncManagerIntegrationFilter.java:55)
	at org.springframework.web.filter.OncePerRequestFilter.doFilter(OncePerRequestFilter.java:119)
	at org.springframework.security.web.FilterChainProxy$VirtualFilterChain.doFilter(FilterChainProxy.java:336)
	at org.springframework.security.web.FilterChainProxy.doFilterInternal(FilterChainProxy.java:211)
	at org.springframework.security.web.FilterChainProxy.doFilter(FilterChainProxy.java:183)
	at org.springframework.web.filter.DelegatingFilterProxy.invokeDelegate(DelegatingFilterProxy.java:358)
	at org.springframework.web.filter.DelegatingFilterProxy.doFilter(DelegatingFilterProxy.java:271)
	at org.apache.catalina.core.ApplicationFilterChain.internalDoFilter(ApplicationFilterChain.java:193)
	at org.apache.catalina.core.ApplicationFilterChain.doFilter(ApplicationFilterChain.java:166)
	at org.springframework.web.filter.RequestContextFilter.doFilterInternal(RequestContextFilter.java:100)
	at org.springframework.web.filter.OncePerRequestFilter.doFilter(OncePerRequestFilter.java:119)
	at org.apache.catalina.core.ApplicationFilterChain.internalDoFilter(ApplicationFilterChain.java:193)
	at org.apache.catalina.core.ApplicationFilterChain.doFilter(ApplicationFilterChain.java:166)
	at org.springframework.web.filter.FormContentFilter.doFilterInternal(FormContentFilter.java:93)
	at org.springframework.web.filter.OncePerRequestFilter.doFilter(OncePerRequestFilter.java:119)
	at org.apache.catalina.core.ApplicationFilterChain.internalDoFilter(ApplicationFilterChain.java:193)
	at org.apache.catalina.core.ApplicationFilterChain.doFilter(ApplicationFilterChain.java:166)
	at org.springframework.web.filter.CharacterEncodingFilter.doFilterInternal(CharacterEncodingFilter.java:201)
	at org.springframework.web.filter.OncePerRequestFilter.doFilter(OncePerRequestFilter.java:119)
	at org.apache.catalina.core.ApplicationFilterChain.internalDoFilter(ApplicationFilterChain.java:193)
	at org.apache.catalina.core.ApplicationFilterChain.doFilter(ApplicationFilterChain.java:166)
	at org.apache.catalina.core.StandardWrapperValve.invoke(StandardWrapperValve.java:202)
	at org.apache.catalina.core.StandardContextValve.invoke(StandardContextValve.java:97)
	at org.apache.catalina.authenticator.AuthenticatorBase.invoke(AuthenticatorBase.java:542)
	at org.apache.catalina.core.StandardHostValve.invoke(StandardHostValve.java:143)
	at org.apache.catalina.valves.ErrorReportValve.invoke(ErrorReportValve.java:92)
	at org.apache.catalina.core.StandardEngineValve.invoke(StandardEngineValve.java:78)
	at org.apache.catalina.connector.CoyoteAdapter.service(CoyoteAdapter.java:343)
	at org.apache.coyote.http11.Http11Processor.service(Http11Processor.java:374)
	at org.apache.coyote.AbstractProcessorLight.process(AbstractProcessorLight.java:65)
	at org.apache.coyote.AbstractProtocol$ConnectionHandler.process(AbstractProtocol.java:888)
	at org.apache.tomcat.util.net.NioEndpoint$SocketProcessor.doRun(NioEndpoint.java:1597)
	at org.apache.tomcat.util.net.SocketProcessorBase.run(SocketProcessorBase.java:49)
	at java.util.concurrent.ThreadPoolExecutor.runWorker(ThreadPoolExecutor.java:1149)
	at java.util.concurrent.ThreadPoolExecutor$Worker.run(ThreadPoolExecutor.java:624)
	at org.apache.tomcat.util.threads.TaskThread$WrappingRunnable.run(TaskThread.java:61)
	at java.lang.Thread.run(Thread.java:748)
2021-07-01 15:38:09,885 WARN com.zaxxer.hikari.pool.HikariPool$HouseKeeper [HikariPool-1 housekeeper] []: HikariPool-1 - Thread starvation or clock leap detected (housekeeper delta=49s372ms699µs900ns).
2021-07-01 15:40:10,838 INFO org.springframework.scheduling.concurrent.ExecutorConfigurationSupport [SpringContextShutdownHook] []: Shutting down ExecutorService 'applicationTaskExecutor'
2021-07-01 15:40:10,859 INFO org.springframework.orm.jpa.AbstractEntityManagerFactoryBean [SpringContextShutdownHook] []: Closing JPA EntityManagerFactory for persistence unit 'default'
2021-07-01 15:40:10,903 INFO com.zaxxer.hikari.HikariDataSource [SpringContextShutdownHook] []: HikariPool-1 - Shutdown initiated...
2021-07-01 15:40:10,954 INFO com.zaxxer.hikari.HikariDataSource [SpringContextShutdownHook] []: HikariPool-1 - Shutdown completed.
2021-07-01 15:48:15,216 INFO org.springframework.boot.StartupInfoLogger [main] []: Starting MainApplication using Java 1.8.0_221 on Admin with PID 15848 (D:\myDocuments\IdeaProjects\Spring_Framework\target\classes started by Admin in D:\myDocuments\IdeaProjects\Spring_Framework)
2021-07-01 15:48:15,224 INFO org.springframework.boot.SpringApplication [main] []: No active profile set, falling back to default profiles: default
2021-07-01 15:48:19,614 INFO org.springframework.data.repository.config.RepositoryConfigurationDelegate [main] []: Bootstrapping Spring Data JPA repositories in DEFAULT mode.
2021-07-01 15:48:19,894 INFO org.springframework.data.repository.config.RepositoryConfigurationDelegate [main] []: Finished Spring Data repository scanning in 249 ms. Found 5 JPA repository interfaces.
2021-07-01 15:48:23,476 INFO org.springframework.boot.web.embedded.tomcat.TomcatWebServer [main] []: Tomcat initialized with port(s): 8090 (http)
2021-07-01 15:48:23,522 INFO org.apache.juli.logging.DirectJDKLog [main] []: Initializing ProtocolHandler ["http-nio-8090"]
2021-07-01 15:48:23,523 INFO org.apache.juli.logging.DirectJDKLog [main] []: Starting service [Tomcat]
2021-07-01 15:48:23,524 INFO org.apache.juli.logging.DirectJDKLog [main] []: Starting Servlet engine: [Apache Tomcat/9.0.41]
2021-07-01 15:48:24,046 INFO org.apache.juli.logging.DirectJDKLog [main] []: Initializing Spring embedded WebApplicationContext
2021-07-01 15:48:24,048 INFO org.springframework.boot.web.servlet.context.ServletWebServerApplicationContext [main] []: Root WebApplicationContext: initialization completed in 8327 ms
2021-07-01 15:48:24,767 INFO com.zaxxer.hikari.HikariDataSource [main] []: HikariPool-1 - Starting...
2021-07-01 15:48:24,791 WARN com.zaxxer.hikari.util.DriverDataSource [main] []: Registered driver with driverClassName=com.mysql.jdbc.Driver was not found, trying direct instantiation.
2021-07-01 15:48:26,754 INFO com.zaxxer.hikari.HikariDataSource [main] []: HikariPool-1 - Start completed.
2021-07-01 15:48:27,012 INFO org.hibernate.jpa.internal.util.LogHelper [main] []: HHH000204: Processing PersistenceUnitInfo [name: default]
2021-07-01 15:48:27,400 INFO org.hibernate.Version [main] []: HHH000412: Hibernate ORM core version 5.4.25.Final
2021-07-01 15:48:28,023 INFO org.hibernate.annotations.common.reflection.java.JavaReflectionManager [main] []: HCANN000001: Hibernate Commons Annotations {5.1.2.Final}
2021-07-01 15:48:28,614 INFO org.hibernate.dialect.Dialect [main] []: HHH000400: Using dialect: org.hibernate.dialect.MySQL5Dialect
2021-07-01 15:48:31,075 INFO org.hibernate.engine.transaction.jta.platform.internal.JtaPlatformInitiator [main] []: HHH000490: Using JtaPlatform implementation: [org.hibernate.engine.transaction.jta.platform.internal.NoJtaPlatform]
2021-07-01 15:48:31,115 INFO org.springframework.orm.jpa.AbstractEntityManagerFactoryBean [main] []: Initialized JPA EntityManagerFactory for persistence unit 'default'
2021-07-01 15:48:31,397 WARN org.springframework.boot.autoconfigure.orm.jpa.JpaBaseConfiguration$JpaWebConfiguration [main] []: spring.jpa.open-in-view is enabled by default. Therefore, database queries may be performed during view rendering. Explicitly configure spring.jpa.open-in-view to disable this warning
2021-07-01 15:48:37,207 INFO springfox.documentation.spring.web.PropertySourcedRequestMappingHandlerMapping [main] []: Mapped URL path [/v2/api-docs] onto method [springfox.documentation.swagger2.web.Swagger2Controller#getDocumentation(String, HttpServletRequest)]
2021-07-01 15:48:37,933 INFO org.springframework.security.web.DefaultSecurityFilterChain [main] []: Will secure any request with [org.springframework.security.web.context.request.async.WebAsyncManagerIntegrationFilter@69f55ea, org.springframework.security.web.context.SecurityContextPersistenceFilter@2b569858, org.springframework.security.web.header.HeaderWriterFilter@258ac1e6, org.springframework.security.web.authentication.logout.LogoutFilter@2eb0932c, org.springframework.security.web.authentication.UsernamePasswordAuthenticationFilter@207f7baa, org.springframework.security.web.savedrequest.RequestCacheAwareFilter@41d8ac75, org.springframework.security.web.servletapi.SecurityContextHolderAwareRequestFilter@240e61, org.springframework.security.web.authentication.AnonymousAuthenticationFilter@2b370ca9, org.springframework.security.web.session.SessionManagementFilter@3d0ce151, org.springframework.security.web.access.ExceptionTranslationFilter@756030e2, org.springframework.security.web.access.intercept.FilterSecurityInterceptor@30a79476]
2021-07-01 15:48:38,274 INFO org.springframework.scheduling.concurrent.ExecutorConfigurationSupport [main] []: Initializing ExecutorService 'applicationTaskExecutor'
2021-07-01 15:48:39,153 INFO org.apache.juli.logging.DirectJDKLog [main] []: Starting ProtocolHandler ["http-nio-8090"]
2021-07-01 15:48:39,230 INFO org.springframework.boot.web.embedded.tomcat.TomcatWebServer [main] []: Tomcat started on port(s): 8090 (http) with context path ''
2021-07-01 15:48:39,234 INFO springfox.documentation.spring.web.plugins.DocumentationPluginsBootstrapper [main] []: Context refreshed
2021-07-01 15:48:39,353 INFO springfox.documentation.spring.web.plugins.DocumentationPluginsBootstrapper [main] []: Found 1 custom documentation plugin(s)
2021-07-01 15:48:39,597 INFO springfox.documentation.spring.web.scanners.ApiListingReferenceScanner [main] []: Scanning for api listing references
2021-07-01 15:48:41,044 INFO org.springframework.boot.StartupInfoLogger [main] []: Started MainApplication in 27.593 seconds (JVM running for 31.123)
2021-07-01 15:50:58,178 INFO org.apache.juli.logging.DirectJDKLog [http-nio-8090-exec-1] []: Initializing Spring DispatcherServlet 'dispatcherServlet'
2021-07-01 15:50:58,179 INFO org.springframework.web.servlet.FrameworkServlet [http-nio-8090-exec-1] []: Initializing Servlet 'dispatcherServlet'
2021-07-01 15:50:58,182 INFO org.springframework.web.servlet.FrameworkServlet [http-nio-8090-exec-1] []: Completed initialization in 3 ms
2021-07-01 15:51:30,410 INFO code.services.UserService [http-nio-8090-exec-9] []: ==================== START RECEIVED LOGIN REQUEST from email [admin@gmail.com]
2021-07-01 15:51:31,357 INFO code.services.UserService [http-nio-8090-exec-9] []: Found user name [admin] with this email
2021-07-01 15:51:31,600 INFO code.services.UserService [http-nio-8090-exec-9] []: Created new token [37d44bd2-862b-4ff4-9d2c-6ab3314a3cc0] for user name [admin] at [2021-07-01 15:48:31.532]
2021-07-01 15:51:31,779 INFO code.services.UserService [http-nio-8090-exec-9] []: Login success with email [admin@gmail.com] .
2021-07-01 15:51:31,780 INFO code.services.UserService [http-nio-8090-exec-9] []: ==================== END REQUEST LOGIN
2021-07-01 15:51:47,660 INFO code.services.UserService [http-nio-8090-exec-3] []: ==================== START RECEIVED NEW REQUEST GET USER INFO from Id [1]
2021-07-01 15:52:20,523 INFO code.services.UserService [http-nio-8090-exec-3] []: Time shown at [2021-07-01 15:48:31.532]
2021-07-01 15:52:20,524 INFO code.services.UserService [http-nio-8090-exec-3] []: ==================== END REQUEST 
2021-07-01 15:53:27,778 INFO org.springframework.scheduling.concurrent.ExecutorConfigurationSupport [SpringContextShutdownHook] []: Shutting down ExecutorService 'applicationTaskExecutor'
2021-07-01 15:53:27,793 INFO org.springframework.orm.jpa.AbstractEntityManagerFactoryBean [SpringContextShutdownHook] []: Closing JPA EntityManagerFactory for persistence unit 'default'
2021-07-01 15:53:27,800 INFO com.zaxxer.hikari.HikariDataSource [SpringContextShutdownHook] []: HikariPool-1 - Shutdown initiated...
2021-07-01 15:53:27,830 INFO com.zaxxer.hikari.HikariDataSource [SpringContextShutdownHook] []: HikariPool-1 - Shutdown completed.
2021-07-01 15:53:43,647 INFO org.springframework.boot.StartupInfoLogger [main] []: Starting MainApplication using Java 1.8.0_221 on Admin with PID 10980 (D:\myDocuments\IdeaProjects\Spring_Framework\target\classes started by Admin in D:\myDocuments\IdeaProjects\Spring_Framework)
2021-07-01 15:53:43,657 INFO org.springframework.boot.SpringApplication [main] []: No active profile set, falling back to default profiles: default
2021-07-01 15:53:47,802 INFO org.springframework.data.repository.config.RepositoryConfigurationDelegate [main] []: Bootstrapping Spring Data JPA repositories in DEFAULT mode.
2021-07-01 15:53:48,258 INFO org.springframework.data.repository.config.RepositoryConfigurationDelegate [main] []: Finished Spring Data repository scanning in 409 ms. Found 5 JPA repository interfaces.
2021-07-01 15:53:52,154 INFO org.springframework.boot.web.embedded.tomcat.TomcatWebServer [main] []: Tomcat initialized with port(s): 8090 (http)
2021-07-01 15:53:52,194 INFO org.apache.juli.logging.DirectJDKLog [main] []: Initializing ProtocolHandler ["http-nio-8090"]
2021-07-01 15:53:52,197 INFO org.apache.juli.logging.DirectJDKLog [main] []: Starting service [Tomcat]
2021-07-01 15:53:52,198 INFO org.apache.juli.logging.DirectJDKLog [main] []: Starting Servlet engine: [Apache Tomcat/9.0.41]
2021-07-01 15:53:52,785 INFO org.apache.juli.logging.DirectJDKLog [main] []: Initializing Spring embedded WebApplicationContext
2021-07-01 15:53:52,786 INFO org.springframework.boot.web.servlet.context.ServletWebServerApplicationContext [main] []: Root WebApplicationContext: initialization completed in 8822 ms
2021-07-01 15:53:53,536 INFO com.zaxxer.hikari.HikariDataSource [main] []: HikariPool-1 - Starting...
2021-07-01 15:53:53,551 WARN com.zaxxer.hikari.util.DriverDataSource [main] []: Registered driver with driverClassName=com.mysql.jdbc.Driver was not found, trying direct instantiation.
2021-07-01 15:53:55,697 INFO com.zaxxer.hikari.HikariDataSource [main] []: HikariPool-1 - Start completed.
2021-07-01 15:53:55,900 INFO org.hibernate.jpa.internal.util.LogHelper [main] []: HHH000204: Processing PersistenceUnitInfo [name: default]
2021-07-01 15:53:56,228 INFO org.hibernate.Version [main] []: HHH000412: Hibernate ORM core version 5.4.25.Final
2021-07-01 15:53:56,896 INFO org.hibernate.annotations.common.reflection.java.JavaReflectionManager [main] []: HCANN000001: Hibernate Commons Annotations {5.1.2.Final}
2021-07-01 15:53:57,569 INFO org.hibernate.dialect.Dialect [main] []: HHH000400: Using dialect: org.hibernate.dialect.MySQL5Dialect
2021-07-01 15:54:00,111 INFO org.hibernate.engine.transaction.jta.platform.internal.JtaPlatformInitiator [main] []: HHH000490: Using JtaPlatform implementation: [org.hibernate.engine.transaction.jta.platform.internal.NoJtaPlatform]
2021-07-01 15:54:00,172 INFO org.springframework.orm.jpa.AbstractEntityManagerFactoryBean [main] []: Initialized JPA EntityManagerFactory for persistence unit 'default'
2021-07-01 15:54:00,407 WARN org.springframework.boot.autoconfigure.orm.jpa.JpaBaseConfiguration$JpaWebConfiguration [main] []: spring.jpa.open-in-view is enabled by default. Therefore, database queries may be performed during view rendering. Explicitly configure spring.jpa.open-in-view to disable this warning
2021-07-01 15:54:05,751 INFO springfox.documentation.spring.web.PropertySourcedRequestMappingHandlerMapping [main] []: Mapped URL path [/v2/api-docs] onto method [springfox.documentation.swagger2.web.Swagger2Controller#getDocumentation(String, HttpServletRequest)]
2021-07-01 15:54:06,465 INFO org.springframework.security.web.DefaultSecurityFilterChain [main] []: Will secure any request with [org.springframework.security.web.context.request.async.WebAsyncManagerIntegrationFilter@37e28b20, org.springframework.security.web.context.SecurityContextPersistenceFilter@4cd7128, org.springframework.security.web.header.HeaderWriterFilter@44846c76, org.springframework.security.web.authentication.logout.LogoutFilter@202ba60a, org.springframework.security.web.authentication.UsernamePasswordAuthenticationFilter@6eff05e7, org.springframework.security.web.savedrequest.RequestCacheAwareFilter@25af1dbf, org.springframework.security.web.servletapi.SecurityContextHolderAwareRequestFilter@d695f9d, org.springframework.security.web.authentication.AnonymousAuthenticationFilter@31428f76, org.springframework.security.web.session.SessionManagementFilter@511ad0dd, org.springframework.security.web.access.ExceptionTranslationFilter@5cf39df6, org.springframework.security.web.access.intercept.FilterSecurityInterceptor@3b8ce72]
2021-07-01 15:54:07,083 INFO org.springframework.scheduling.concurrent.ExecutorConfigurationSupport [main] []: Initializing ExecutorService 'applicationTaskExecutor'
2021-07-01 15:54:08,070 INFO org.apache.juli.logging.DirectJDKLog [main] []: Starting ProtocolHandler ["http-nio-8090"]
2021-07-01 15:54:08,181 INFO org.springframework.boot.web.embedded.tomcat.TomcatWebServer [main] []: Tomcat started on port(s): 8090 (http) with context path ''
2021-07-01 15:54:08,190 INFO springfox.documentation.spring.web.plugins.DocumentationPluginsBootstrapper [main] []: Context refreshed
2021-07-01 15:54:08,300 INFO springfox.documentation.spring.web.plugins.DocumentationPluginsBootstrapper [main] []: Found 1 custom documentation plugin(s)
2021-07-01 15:54:08,500 INFO springfox.documentation.spring.web.scanners.ApiListingReferenceScanner [main] []: Scanning for api listing references
2021-07-01 15:54:09,355 INFO org.springframework.boot.StartupInfoLogger [main] []: Started MainApplication in 27.45 seconds (JVM running for 30.575)
2021-07-01 15:54:54,858 INFO org.apache.juli.logging.DirectJDKLog [http-nio-8090-exec-1] []: Initializing Spring DispatcherServlet 'dispatcherServlet'
2021-07-01 15:54:54,858 INFO org.springframework.web.servlet.FrameworkServlet [http-nio-8090-exec-1] []: Initializing Servlet 'dispatcherServlet'
2021-07-01 15:54:54,863 INFO org.springframework.web.servlet.FrameworkServlet [http-nio-8090-exec-1] []: Completed initialization in 4 ms
2021-07-01 15:55:15,012 INFO code.services.UserService [http-nio-8090-exec-1] []: ==================== START RECEIVED NEW REQUEST GET USER INFO from Id [1]
2021-07-01 15:55:20,424 ERROR code.services.UserService [http-nio-8090-exec-1] []: Token of name [admin] has expired at [2021-07-01 15:53:31.6]
2021-07-01 16:03:36,839 INFO code.services.UserService [http-nio-8090-exec-5] []: ==================== START RECEIVED LOGIN REQUEST from email [admin@gmail.com]
2021-07-01 16:03:38,297 INFO code.services.UserService [http-nio-8090-exec-5] []: Found user name [admin] with this email
2021-07-01 16:03:38,604 INFO code.services.UserService [http-nio-8090-exec-5] []: Created new token [09c51a36-a3ae-4d2e-858d-d0822241d0de] for user name [admin] at [2021-07-01 15:54:00.608]
2021-07-01 16:03:39,027 INFO code.services.UserService [http-nio-8090-exec-5] []: Login success with email [admin@gmail.com] .
2021-07-01 16:03:39,028 INFO code.services.UserService [http-nio-8090-exec-5] []: ==================== END REQUEST LOGIN
2021-07-01 16:04:41,148 INFO code.services.UserService [http-nio-8090-exec-7] []: ==================== START RECEIVED NEW REQUEST GET USER INFO from Id [1]
2021-07-01 16:04:59,354 ERROR code.services.UserService [http-nio-8090-exec-7] []: Not found any user with name [truognthieuhuyen]
2021-07-01 16:05:13,520 INFO code.services.UserService [http-nio-8090-exec-9] []: ==================== START RECEIVED NEW REQUEST GET USER INFO from Id [1]
2021-07-01 16:05:19,561 INFO code.services.UserService [http-nio-8090-exec-9] []: Time shown at [2021-07-01 15:54:00.608]
2021-07-01 16:05:19,562 INFO code.services.UserService [http-nio-8090-exec-9] []: ==================== END REQUEST 
2021-07-01 16:13:28,142 INFO org.springframework.scheduling.concurrent.ExecutorConfigurationSupport [SpringContextShutdownHook] []: Shutting down ExecutorService 'applicationTaskExecutor'
2021-07-01 16:13:28,159 INFO org.springframework.orm.jpa.AbstractEntityManagerFactoryBean [SpringContextShutdownHook] []: Closing JPA EntityManagerFactory for persistence unit 'default'
2021-07-01 16:13:28,189 INFO com.zaxxer.hikari.HikariDataSource [SpringContextShutdownHook] []: HikariPool-1 - Shutdown initiated...
2021-07-01 16:13:28,262 INFO com.zaxxer.hikari.HikariDataSource [SpringContextShutdownHook] []: HikariPool-1 - Shutdown completed.
